# JRE version: OpenJDK Runtime Environment Temurin-17.0.2+8 (17.0.2+8) (build 17.0.2+8)
# Java VM: OpenJDK 64-Bit Server VM Temurin-17.0.2+8 (17.0.2+8, mixed mode, tiered, compressed oops, compressed class ptrs, parallel gc, linux-amd64)
GC Precious Log:
 CPUs: 1 total, 1 available
 Memory: 17570M
 Large Page Support: Disabled
 NUMA Support: Disabled
 Compressed Oops: Enabled (32-bit)
 Alignments: Space 512K, Generation 512K, Heap 2M
 Heap Min Capacity: 100M
 Heap Initial Capacity: 100M
 Heap Max Capacity: 1G
 Pre-touch: Disabled
 Parallel Workers: 1
Heap:
 PSYoungGen      total 6656K, used 5692K [0x00000000eab00000, 0x00000000eb400000, 0x0000000100000000)
  eden space 4096K, 100% used [0x00000000eab00000,0x00000000eaf00000,0x00000000eaf00000)
  from space 2560K, 62% used [0x00000000eaf00000,0x00000000eb08f300,0x00000000eb180000)
  to   space 2048K, 0% used [0x00000000eb200000,0x00000000eb200000,0x00000000eb400000)
 ParOldGen       total 319488K, used 281710K [0x00000000c0000000, 0x00000000d3800000, 0x00000000eab00000)
  object space 319488K, 88% used [0x00000000c0000000,0x00000000d131b9e0,0x00000000d3800000)
 Metaspace       used 78832K, committed 79680K, reserved 1122304K
  class space    used 7923K, committed 8320K, reserved 1048576K
GC Heap History (20 events):
Event: 864.576 GC heap after
{Heap after GC invocations=374 (full 12):
 PSYoungGen      total 2560K, used 496K [0x00000000eab00000, 0x00000000eb100000, 0x0000000100000000)
  eden space 2048K, 0% used [0x00000000eab00000,0x00000000eab00000,0x00000000ead00000)
  from space 512K, 96% used [0x00000000eb080000,0x00000000eb0fc010,0x00000000eb100000)
  to   space 1024K, 0% used [0x00000000eaf00000,0x00000000eaf00000,0x00000000eb000000)
 ParOldGen       total 319488K, used 270469K [0x00000000c0000000, 0x00000000d3800000, 0x00000000eab00000)
  object space 319488K, 84% used [0x00000000c0000000,0x00000000d0821760,0x00000000d3800000)
 Metaspace       used 78807K, committed 79680K, reserved 1122304K
  class space    used 7923K, committed 8320K, reserved 1048576K
}
Event: 864.695 GC heap before
{Heap before GC invocations=375 (full 12):
 PSYoungGen      total 2560K, used 2543K [0x00000000eab00000, 0x00000000eb100000, 0x0000000100000000)
  eden space 2048K, 99% used [0x00000000eab00000,0x00000000eacfffc8,0x00000000ead00000)
  from space 512K, 96% used [0x00000000eb080000,0x00000000eb0fc010,0x00000000eb100000)
  to   space 1024K, 0% used [0x00000000eaf00000,0x00000000eaf00000,0x00000000eb000000)
 ParOldGen       total 319488K, used 270469K [0x00000000c0000000, 0x00000000d3800000, 0x00000000eab00000)
  object space 319488K, 84% used [0x00000000c0000000,0x00000000d0821760,0x00000000d3800000)
 Metaspace       used 78807K, committed 79680K, reserved 1122304K
  class space    used 7923K, committed 8320K, reserved 1048576K
}
Event: 864.698 GC heap after
{Heap after GC invocations=375 (full 12):
 PSYoungGen      total 3584K, used 160K [0x00000000eab00000, 0x00000000eb100000, 0x0000000100000000)
  eden space 2560K, 0% used [0x00000000eab00000,0x00000000eab00000,0x00000000ead80000)
  from space 1024K, 15% used [0x00000000eaf00000,0x00000000eaf28000,0x00000000eb000000)
  to   space 512K, 0% used [0x00000000eb080000,0x00000000eb080000,0x00000000eb100000)
 ParOldGen       total 319488K, used 270947K [0x00000000c0000000, 0x00000000d3800000, 0x00000000eab00000)
  object space 319488K, 84% used [0x00000000c0000000,0x00000000d0898c00,0x00000000d3800000)
 Metaspace       used 78807K, committed 79680K, reserved 1122304K
  class space    used 7923K, committed 8320K, reserved 1048576K
}
Event: 864.820 GC heap before
{Heap before GC invocations=376 (full 12):
 PSYoungGen      total 3584K, used 2720K [0x00000000eab00000, 0x00000000eb100000, 0x0000000100000000)
  eden space 2560K, 100% used [0x00000000eab00000,0x00000000ead80000,0x00000000ead80000)
  from space 1024K, 15% used [0x00000000eaf00000,0x00000000eaf28000,0x00000000eb000000)
  to   space 512K, 0% used [0x00000000eb080000,0x00000000eb080000,0x00000000eb100000)
 ParOldGen       total 319488K, used 270947K [0x00000000c0000000, 0x00000000d3800000, 0x00000000eab00000)
  object space 319488K, 84% used [0x00000000c0000000,0x00000000d0898c00,0x00000000d3800000)
 Metaspace       used 78807K, committed 79680K, reserved 1122304K
  class space    used 7923K, committed 8320K, reserved 1048576K
}
Event: 864.824 GC heap after
{Heap after GC invocations=376 (full 12):
 PSYoungGen      total 3584K, used 400K [0x00000000eab00000, 0x00000000eb100000, 0x0000000100000000)
  eden space 3072K, 0% used [0x00000000eab00000,0x00000000eab00000,0x00000000eae00000)
  from space 512K, 78% used [0x00000000eb080000,0x00000000eb0e4030,0x00000000eb100000)
  to   space 512K, 0% used [0x00000000eb000000,0x00000000eb000000,0x00000000eb080000)
 ParOldGen       total 319488K, used 271083K [0x00000000c0000000, 0x00000000d3800000, 0x00000000eab00000)
  object space 319488K, 84% used [0x00000000c0000000,0x00000000d08bac00,0x00000000d3800000)
 Metaspace       used 78807K, committed 79680K, reserved 1122304K
  class space    used 7923K, committed 8320K, reserved 1048576K
}
Event: 865.135 GC heap before
{Heap before GC invocations=377 (full 12):
 PSYoungGen      total 3584K, used 3472K [0x00000000eab00000, 0x00000000eb100000, 0x0000000100000000)
  eden space 3072K, 100% used [0x00000000eab00000,0x00000000eae00000,0x00000000eae00000)
  from space 512K, 78% used [0x00000000eb080000,0x00000000eb0e4030,0x00000000eb100000)
  to   space 512K, 0% used [0x00000000eb000000,0x00000000eb000000,0x00000000eb080000)
 ParOldGen       total 319488K, used 271083K [0x00000000c0000000, 0x00000000d3800000, 0x00000000eab00000)
  object space 319488K, 84% used [0x00000000c0000000,0x00000000d08bac00,0x00000000d3800000)
 Metaspace       used 78822K, committed 79680K, reserved 1122304K
  class space    used 7923K, committed 8320K, reserved 1048576K
}
Event: 865.142 GC heap after
{Heap after GC invocations=377 (full 12):
 PSYoungGen      total 4608K, used 288K [0x00000000eab00000, 0x00000000eb100000, 0x0000000100000000)
  eden space 4096K, 0% used [0x00000000eab00000,0x00000000eab00000,0x00000000eaf00000)
  from space 512K, 56% used [0x00000000eb000000,0x00000000eb048070,0x00000000eb080000)
  to   space 512K, 0% used [0x00000000eb080000,0x00000000eb080000,0x00000000eb100000)
 ParOldGen       total 319488K, used 271135K [0x00000000c0000000, 0x00000000d3800000, 0x00000000eab00000)
  object space 319488K, 84% used [0x00000000c0000000,0x00000000d08c7c10,0x00000000d3800000)
 Metaspace       used 78822K, committed 79680K, reserved 1122304K
  class space    used 7923K, committed 8320K, reserved 1048576K
}
Event: 865.248 GC heap before
{Heap before GC invocations=378 (full 12):
 PSYoungGen      total 4608K, used 4384K [0x00000000eab00000, 0x00000000eb100000, 0x0000000100000000)
  eden space 4096K, 100% used [0x00000000eab00000,0x00000000eaf00000,0x00000000eaf00000)
  from space 512K, 56% used [0x00000000eb000000,0x00000000eb048070,0x00000000eb080000)
  to   space 512K, 0% used [0x00000000eb080000,0x00000000eb080000,0x00000000eb100000)
 ParOldGen       total 319488K, used 271135K [0x00000000c0000000, 0x00000000d3800000, 0x00000000eab00000)
  object space 319488K, 84% used [0x00000000c0000000,0x00000000d08c7c10,0x00000000d3800000)
 Metaspace       used 78831K, committed 79680K, reserved 1122304K
  class space    used 7923K, committed 8320K, reserved 1048576K
}
Event: 865.260 GC heap after
{Heap after GC invocations=378 (full 12):
 PSYoungGen      total 2560K, used 510K [0x00000000eab00000, 0x00000000eb700000, 0x0000000100000000)
  eden space 2048K, 0% used [0x00000000eab00000,0x00000000eab00000,0x00000000ead00000)
  from space 512K, 99% used [0x00000000eb080000,0x00000000eb0ffa48,0x00000000eb100000)
  to   space 3584K, 0% used [0x00000000ead00000,0x00000000ead00000,0x00000000eb080000)
 ParOldGen       total 319488K, used 273467K [0x00000000c0000000, 0x00000000d3800000, 0x00000000eab00000)
  object space 319488K, 85% used [0x00000000c0000000,0x00000000d0b0ee30,0x00000000d3800000)
 Metaspace       used 78831K, committed 79680K, reserved 1122304K
  class space    used 7923K, committed 8320K, reserved 1048576K
}
Event: 865.264 GC heap before
{Heap before GC invocations=379 (full 12):
 PSYoungGen      total 2560K, used 2558K [0x00000000eab00000, 0x00000000eb700000, 0x0000000100000000)
  eden space 2048K, 100% used [0x00000000eab00000,0x00000000ead00000,0x00000000ead00000)
  from space 512K, 99% used [0x00000000eb080000,0x00000000eb0ffa48,0x00000000eb100000)
  to   space 3584K, 0% used [0x00000000ead00000,0x00000000ead00000,0x00000000eb080000)
 ParOldGen       total 319488K, used 273467K [0x00000000c0000000, 0x00000000d3800000, 0x00000000eab00000)
  object space 319488K, 85% used [0x00000000c0000000,0x00000000d0b0ee30,0x00000000d3800000)
 Metaspace       used 78831K, committed 79680K, reserved 1122304K
  class space    used 7923K, committed 8320K, reserved 1048576K
}
Event: 865.272 GC heap after
{Heap after GC invocations=379 (full 12):
 PSYoungGen      total 4096K, used 1984K [0x00000000eab00000, 0x00000000eb280000, 0x0000000100000000)
  eden space 2048K, 0% used [0x00000000eab00000,0x00000000eab00000,0x00000000ead00000)
  from space 2048K, 96% used [0x00000000ead00000,0x00000000eaef0000,0x00000000eaf00000)
  to   space 2560K, 0% used [0x00000000eb000000,0x00000000eb000000,0x00000000eb280000)
 ParOldGen       total 319488K, used 273984K [0x00000000c0000000, 0x00000000d3800000, 0x00000000eab00000)
  object space 319488K, 85% used [0x00000000c0000000,0x00000000d0b901f0,0x00000000d3800000)
 Metaspace       used 78831K, committed 79680K, reserved 1122304K
  class space    used 7923K, committed 8320K, reserved 1048576K
}
Event: 865.279 GC heap before
{Heap before GC invocations=380 (full 12):
 PSYoungGen      total 4096K, used 4031K [0x00000000eab00000, 0x00000000eb280000, 0x0000000100000000)
  eden space 2048K, 99% used [0x00000000eab00000,0x00000000eacffff0,0x00000000ead00000)
  from space 2048K, 96% used [0x00000000ead00000,0x00000000eaef0000,0x00000000eaf00000)
  to   space 2560K, 0% used [0x00000000eb000000,0x00000000eb000000,0x00000000eb280000)
 ParOldGen       total 319488K, used 273984K [0x00000000c0000000, 0x00000000d3800000, 0x00000000eab00000)
  object space 319488K, 85% used [0x00000000c0000000,0x00000000d0b901f0,0x00000000d3800000)
 Metaspace       used 78831K, committed 79680K, reserved 1122304K
  class space    used 7923K, committed 8320K, reserved 1048576K
}
Event: 865.291 GC heap after
{Heap after GC invocations=380 (full 12):
 PSYoungGen      total 4608K, used 1568K [0x00000000eab00000, 0x00000000eb200000, 0x0000000100000000)
  eden space 2560K, 0% used [0x00000000eab00000,0x00000000eab00000,0x00000000ead80000)
  from space 2048K, 76% used [0x00000000eb000000,0x00000000eb1880a0,0x00000000eb200000)
  to   space 2048K, 0% used [0x00000000eae00000,0x00000000eae00000,0x00000000eb000000)
 ParOldGen       total 319488K, used 275976K [0x00000000c0000000, 0x00000000d3800000, 0x00000000eab00000)
  object space 319488K, 86% used [0x00000000c0000000,0x00000000d0d82220,0x00000000d3800000)
 Metaspace       used 78831K, committed 79680K, reserved 1122304K
  class space    used 7923K, committed 8320K, reserved 1048576K
}
Event: 865.299 GC heap before
{Heap before GC invocations=381 (full 12):
 PSYoungGen      total 4608K, used 4128K [0x00000000eab00000, 0x00000000eb200000, 0x0000000100000000)
  eden space 2560K, 100% used [0x00000000eab00000,0x00000000ead80000,0x00000000ead80000)
  from space 2048K, 76% used [0x00000000eb000000,0x00000000eb1880a0,0x00000000eb200000)
  to   space 2048K, 0% used [0x00000000eae00000,0x00000000eae00000,0x00000000eb000000)
 ParOldGen       total 319488K, used 275976K [0x00000000c0000000, 0x00000000d3800000, 0x00000000eab00000)
  object space 319488K, 86% used [0x00000000c0000000,0x00000000d0d82220,0x00000000d3800000)
 Metaspace       used 78831K, committed 79680K, reserved 1122304K
  class space    used 7923K, committed 8320K, reserved 1048576K
}
Event: 865.315 GC heap after
{Heap after GC invocations=381 (full 12):
 PSYoungGen      total 5120K, used 2048K [0x00000000eab00000, 0x00000000eb600000, 0x0000000100000000)
  eden space 3072K, 0% used [0x00000000eab00000,0x00000000eab00000,0x00000000eae00000)
  from space 2048K, 100% used [0x00000000eae00000,0x00000000eb000000,0x00000000eb000000)
  to   space 4096K, 0% used [0x00000000eb200000,0x00000000eb200000,0x00000000eb600000)
 ParOldGen       total 319488K, used 277624K [0x00000000c0000000, 0x00000000d3800000, 0x00000000eab00000)
  object space 319488K, 86% used [0x00000000c0000000,0x00000000d0f1e320,0x00000000d3800000)
 Metaspace       used 78831K, committed 79680K, reserved 1122304K
  class space    used 7923K, committed 8320K, reserved 1048576K
}
Event: 865.350 GC heap before
{Heap before GC invocations=382 (full 12):
 PSYoungGen      total 5120K, used 5120K [0x00000000eab00000, 0x00000000eb600000, 0x0000000100000000)
  eden space 3072K, 100% used [0x00000000eab00000,0x00000000eae00000,0x00000000eae00000)
  from space 2048K, 100% used [0x00000000eae00000,0x00000000eb000000,0x00000000eb000000)
  to   space 4096K, 0% used [0x00000000eb200000,0x00000000eb200000,0x00000000eb600000)
 ParOldGen       total 319488K, used 277624K [0x00000000c0000000, 0x00000000d3800000, 0x00000000eab00000)
  object space 319488K, 86% used [0x00000000c0000000,0x00000000d0f1e320,0x00000000d3800000)
 Metaspace       used 78831K, committed 79680K, reserved 1122304K
  class space    used 7923K, committed 8320K, reserved 1048576K
}
Event: 865.369 GC heap after
{Heap after GC invocations=382 (full 12):
 PSYoungGen      total 6144K, used 1872K [0x00000000eab00000, 0x00000000eb400000, 0x0000000100000000)
  eden space 4096K, 0% used [0x00000000eab00000,0x00000000eab00000,0x00000000eaf00000)
  from space 2048K, 91% used [0x00000000eb200000,0x00000000eb3d4130,0x00000000eb400000)
  to   space 2560K, 0% used [0x00000000eaf00000,0x00000000eaf00000,0x00000000eb180000)
 ParOldGen       total 319488K, used 279632K [0x00000000c0000000, 0x00000000d3800000, 0x00000000eab00000)
  object space 319488K, 87% used [0x00000000c0000000,0x00000000d1114390,0x00000000d3800000)
 Metaspace       used 78831K, committed 79680K, reserved 1122304K
  class space    used 7923K, committed 8320K, reserved 1048576K
}
Event: 865.675 GC heap before
{Heap before GC invocations=383 (full 12):
 PSYoungGen      total 6144K, used 5968K [0x00000000eab00000, 0x00000000eb400000, 0x0000000100000000)
  eden space 4096K, 100% used [0x00000000eab00000,0x00000000eaf00000,0x00000000eaf00000)
  from space 2048K, 91% used [0x00000000eb200000,0x00000000eb3d4130,0x00000000eb400000)
  to   space 2560K, 0% used [0x00000000eaf00000,0x00000000eaf00000,0x00000000eb180000)
 ParOldGen       total 319488K, used 279632K [0x00000000c0000000, 0x00000000d3800000, 0x00000000eab00000)
  object space 319488K, 87% used [0x00000000c0000000,0x00000000d1114390,0x00000000d3800000)
 Metaspace       used 78832K, committed 79680K, reserved 1122304K
  class space    used 7923K, committed 8320K, reserved 1048576K
}
Event: 865.685 GC heap after
{Heap after GC invocations=383 (full 12):
 PSYoungGen      total 6656K, used 1596K [0x00000000eab00000, 0x00000000eb400000, 0x0000000100000000)
  eden space 4096K, 0% used [0x00000000eab00000,0x00000000eab00000,0x00000000eaf00000)
  from space 2560K, 62% used [0x00000000eaf00000,0x00000000eb08f300,0x00000000eb180000)
  to   space 2048K, 0% used [0x00000000eb200000,0x00000000eb200000,0x00000000eb400000)
 ParOldGen       total 319488K, used 281433K [0x00000000c0000000, 0x00000000d3800000, 0x00000000eab00000)
  object space 319488K, 88% used [0x00000000c0000000,0x00000000d12d6540,0x00000000d3800000)
 Metaspace       used 78832K, committed 79680K, reserved 1122304K
  class space    used 7923K, committed 8320K, reserved 1048576K
}
Event: 865.696 GC heap before
{Heap before GC invocations=384 (full 12):
 PSYoungGen      total 6656K, used 5692K [0x00000000eab00000, 0x00000000eb400000, 0x0000000100000000)
  eden space 4096K, 100% used [0x00000000eab00000,0x00000000eaf00000,0x00000000eaf00000)
  from space 2560K, 62% used [0x00000000eaf00000,0x00000000eb08f300,0x00000000eb180000)
  to   space 2048K, 0% used [0x00000000eb200000,0x00000000eb200000,0x00000000eb400000)
 ParOldGen       total 319488K, used 281433K [0x00000000c0000000, 0x00000000d3800000, 0x00000000eab00000)
  object space 319488K, 88% used [0x00000000c0000000,0x00000000d12d6540,0x00000000d3800000)
 Metaspace       used 78832K, committed 79680K, reserved 1122304K
  class space    used 7923K, committed 8320K, reserved 1048576K
}

